Request: http://localhost:3001/api/context, Path: /api/context
Request: http://localhost:3001/, Path: /
Request: http://localhost:3001/.well-known/appspecific/com.chrome.devtools.json, Path: /.well-known/appspecific/com.chrome.devtools.json
Request: http://localhost:3001/assets/index-Cbfa4jbg.js, Path: /assets/index-Cbfa4jbg.js
Request: http://localhost:3001/api/context, Path: /api/context
Request: http://localhost:3001/favicon.ico, Path: /favicon.ico
Request: http://localhost:3001/models/avatar.glb, Path: /models/avatar.glb
Request: http://localhost:3001/, Path: /
Request: http://localhost:3001/.well-known/appspecific/com.chrome.devtools.json, Path: /.well-known/appspecific/com.chrome.devtools.json
Request: http://localhost:3001/assets/index-JR_8FdtP.js, Path: /assets/index-JR_8FdtP.js
Request: http://localhost:3001/favicon.ico, Path: /favicon.ico
Request: http://localhost:3001/api/context, Path: /api/context
Request: http://localhost:3001/models/avatar.glb, Path: /models/avatar.glb
Request: http://localhost:3001/, Path: /
Request: http://localhost:3001/.well-known/appspecific/com.chrome.devtools.json, Path: /.well-known/appspecific/com.chrome.devtools.json
Request: http://localhost:3001/assets/index-DzNVtAAM.js, Path: /assets/index-DzNVtAAM.js
Request: http://localhost:3001/favicon.ico, Path: /favicon.ico
Request: http://localhost:3001/api/context, Path: /api/context
Request: http://localhost:3001/models/avatar.glb, Path: /models/avatar.glb
Request: http://localhost:3001/, Path: /
Request: http://localhost:3001/.well-known/appspecific/com.chrome.devtools.json, Path: /.well-known/appspecific/com.chrome.devtools.json
Request: http://localhost:3001/assets/index-DzNVtAAM.js, Path: /assets/index-DzNVtAAM.js
Request: http://localhost:3001/favicon.ico, Path: /favicon.ico
Request: http://localhost:3001/api/context, Path: /api/context
Request: http://localhost:3001/models/avatar.glb, Path: /models/avatar.glb
Request: http://localhost:3001/, Path: /
Request: http://localhost:3001/.well-known/appspecific/com.chrome.devtools.json, Path: /.well-known/appspecific/com.chrome.devtools.json
Request: http://localhost:3001/assets/index-DzNVtAAM.js, Path: /assets/index-DzNVtAAM.js
Request: http://localhost:3001/favicon.ico, Path: /favicon.ico
Request: http://localhost:3001/api/context, Path: /api/context
Request: http://localhost:3001/models/avatar.glb, Path: /models/avatar.glb
